<?xml version="1.0" encoding="UTF-8"?>
<!-- Generated by org.testng.reporters.JUnitReportReporter -->
<testsuite hostname="DESKTOP-LTE8IFC" failures="0" tests="7" name="testcases.testcase1" time="31.993" errors="0" timestamp="2024-05-07T12:50:18 IST" skipped="0">
  <testcase classname="testcases.testcase1" name="EnterAllTheTasks" time="2.500"/>
  <system-out/>
  <testcase classname="testcases.testcase1" name="CompletedTask" time="3.953"/>
  <system-out/>
  <testcase classname="testcases.testcase1" name="FooterNoOfItemsDisplayed" time="2.536"/>
  <system-out/>
  <testcase classname="testcases.testcase1" name="EditNameOfTheTask" time="6.985"/>
  <system-out/>
  <testcase classname="testcases.testcase1" name="ActiveTasksDisplayed" time="5.418"/>
  <system-out/>
  <testcase classname="testcases.testcase1" name="CompletedTasksDisplayed" time="3.660"/>
  <system-out/>
  <testcase classname="testcases.testcase1" name="ClearTheCompletedTask" time="6.941"/>
  <system-out/>
</testsuite> <!-- testcases.testcase1 -->
