<?xml version="1.0" encoding="UTF-8"?>
<!-- Generated by org.testng.reporters.JUnitReportReporter -->
<testsuite hostname="DESKTOP-LTE8IFC" failures="0" tests="7" name="testcases.Testcases" time="38.116" errors="0" timestamp="2024-05-07T12:57:08 IST" skipped="0">
  <testcase classname="testcases.Testcases" name="EnterAllTheTasks" time="8.872"/>
  <system-out/>
  <testcase classname="testcases.Testcases" name="CompletedTask" time="2.584"/>
  <system-out/>
  <testcase classname="testcases.Testcases" name="FooterNoOfItemsDisplayed" time="6.676"/>
  <system-out/>
  <testcase classname="testcases.Testcases" name="EditNameOfTheTask" time="6.048"/>
  <system-out/>
  <testcase classname="testcases.Testcases" name="ActiveTasksDisplayed" time="2.867"/>
  <system-out/>
  <testcase classname="testcases.Testcases" name="CompletedTasksDisplayed" time="3.936"/>
  <system-out/>
  <testcase classname="testcases.Testcases" name="ClearTheCompletedTask" time="7.133"/>
  <system-out/>
</testsuite> <!-- testcases.Testcases -->
